1605628599783	geckodriver	INFO	Listening on 127.0.0.1:57449
1605628602795	mozrunner::runner	INFO	Running command: "C:\\Program Files\\Mozilla Firefox\\firefox.exe" "--marionette" "-foreground" "-no-remote" "-profile" "C:\\Users\\Matt\\AppData\\Local\\Temp\\rust_mozprofilejY78X9"
Can't find symbol 'eglSwapBuffersWithDamageEXT'.
JavaScript error: resource://gre/modules/XULStore.jsm, line 66: Error: Can't find profile directory.
console.warn: SearchSettings: "get: No settings file exists, new profile?" (new Error("", "(unknown module)"))
1605628605058	Marionette	INFO	Listening on port 57459
1605628605426	Marionette	WARN	TLS certificate errors will be ignored for this session
JavaScript warning: https://login.apps.twc.state.tx.us/UBS/core/javascript/previous/jquery-1.10.2.min.js, line 2: Using //@ to indicate sourceMappingURL pragmas is deprecated. Use //# instead
Can't find symbol 'eglSwapBuffersWithDamageEXT'.
JavaScript warning: https://apps.twc.state.tx.us/UBS/core/javascript/previous/jquery-1.10.2.min.js, line 2: Using //@ to indicate sourceMappingURL pragmas is deprecated. Use //# instead
JavaScript warning: https://apps.twc.state.tx.us/UBS/core/javascript/previous/jquery-1.10.2.min.js, line 2: Using //@ to indicate sourceMappingURL pragmas is deprecated. Use //# instead
1605628617917	Marionette	INFO	Stopped listening on port 57459

###!!! [Child][RunMessage] Error: Channel closing: too late to send/recv, messages will be lost


###!!! [Child][MessageChannel::SendAndWait] Error: Channel error: cannot send/recv

1605983169954	geckodriver	INFO	Listening on 127.0.0.1:60908
1605983172969	mozrunner::runner	INFO	Running command: "C:\\Program Files\\Mozilla Firefox\\firefox.exe" "--marionette" "-foreground" "-no-remote" "-profile" "C:\\Users\\Matt\\AppData\\Local\\Temp\\rust_mozprofileBrJBEH"
Can't find symbol 'eglSwapBuffersWithDamageEXT'.
Can't find symbol 'eglSetDamageRegionKHR'.
JavaScript error: resource://gre/modules/XULStore.jsm, line 66: Error: Can't find profile directory.
console.warn: SearchSettings: "get: No settings file exists, new profile?" (new Error("", "(unknown module)"))
1605983175441	Marionette	INFO	Listening on port 60917
1605983175612	Marionette	WARN	TLS certificate errors will be ignored for this session
JavaScript warning: https://login.apps.twc.state.tx.us/UBS/core/javascript/previous/jquery-1.10.2.min.js, line 2: Using //@ to indicate sourceMappingURL pragmas is deprecated. Use //# instead
Can't find symbol 'eglSwapBuffersWithDamageEXT'.
Can't find symbol 'eglSetDamageRegionKHR'.
JavaScript warning: https://apps.twc.state.tx.us/UBS/core/javascript/previous/jquery-1.10.2.min.js, line 2: Using //@ to indicate sourceMappingURL pragmas is deprecated. Use //# instead
JavaScript warning: https://apps.twc.state.tx.us/UBS/core/javascript/previous/jquery-1.10.2.min.js, line 2: Using //@ to indicate sourceMappingURL pragmas is deprecated. Use //# instead
1605983191343	Marionette	INFO	Stopped listening on port 60917

###!!! [Child][RunMessage] Error: Channel closing: too late to send/recv, messages will be lost


###!!! [Child][MessageChannel::SendAndWait] Error: Channel error: cannot send/recv

1605984356244	geckodriver	INFO	Listening on 127.0.0.1:53075
1605984359314	mozrunner::runner	INFO	Running command: "C:\\Program Files\\Mozilla Firefox\\firefox.exe" "--marionette" "-foreground" "-no-remote" "-profile" "C:\\Users\\Matt\\AppData\\Local\\Temp\\rust_mozprofilehmlVNz"
Can't find symbol 'eglSwapBuffersWithDamageEXT'.
Can't find symbol 'eglSetDamageRegionKHR'.
JavaScript error: resource://gre/modules/XULStore.jsm, line 66: Error: Can't find profile directory.
console.warn: SearchSettings: "get: No settings file exists, new profile?" (new Error("", "(unknown module)"))
1605984361711	Marionette	INFO	Listening on port 53083
1605984361990	Marionette	WARN	TLS certificate errors will be ignored for this session
JavaScript warning: https://login.apps.twc.state.tx.us/UBS/core/javascript/previous/jquery-1.10.2.min.js, line 2: Using //@ to indicate sourceMappingURL pragmas is deprecated. Use //# instead
Can't find symbol 'eglSwapBuffersWithDamageEXT'.
Can't find symbol 'eglSetDamageRegionKHR'.
JavaScript warning: https://apps.twc.state.tx.us/UBS/core/javascript/previous/jquery-1.10.2.min.js, line 2: Using //@ to indicate sourceMappingURL pragmas is deprecated. Use //# instead
JavaScript warning: https://apps.twc.state.tx.us/UBS/core/javascript/previous/jquery-1.10.2.min.js, line 2: Using //@ to indicate sourceMappingURL pragmas is deprecated. Use //# instead
1605984374155	Marionette	INFO	Stopped listening on port 53083

###!!! [Child][RunMessage] Error: Channel closing: too late to send/recv, messages will be lost


###!!! [Child][MessageChannel::SendAndWait] Error: Channel error: cannot send/recv

1605984392644	geckodriver	INFO	Listening on 127.0.0.1:53134
1605984395655	mozrunner::runner	INFO	Running command: "C:\\Program Files\\Mozilla Firefox\\firefox.exe" "--marionette" "-foreground" "-no-remote" "-profile" "C:\\Users\\Matt\\AppData\\Local\\Temp\\rust_mozprofileEggXKi"
Can't find symbol 'eglSwapBuffersWithDamageEXT'.
Can't find symbol 'eglSetDamageRegionKHR'.
JavaScript error: resource://gre/modules/XULStore.jsm, line 66: Error: Can't find profile directory.
console.warn: SearchSettings: "get: No settings file exists, new profile?" (new Error("", "(unknown module)"))
1605984398027	Marionette	INFO	Listening on port 53143
1605984398285	Marionette	WARN	TLS certificate errors will be ignored for this session
JavaScript warning: https://login.apps.twc.state.tx.us/UBS/core/javascript/previous/jquery-1.10.2.min.js, line 2: Using //@ to indicate sourceMappingURL pragmas is deprecated. Use //# instead
Can't find symbol 'eglSwapBuffersWithDamageEXT'.
Can't find symbol 'eglSetDamageRegionKHR'.
JavaScript warning: https://apps.twc.state.tx.us/UBS/core/javascript/previous/jquery-1.10.2.min.js, line 2: Using //@ to indicate sourceMappingURL pragmas is deprecated. Use //# instead
JavaScript warning: https://apps.twc.state.tx.us/UBS/core/javascript/previous/jquery-1.10.2.min.js, line 2: Using //@ to indicate sourceMappingURL pragmas is deprecated. Use //# instead
1605984412494	Marionette	INFO	Stopped listening on port 53143

###!!! [Child][RunMessage] Error: Channel closing: too late to send/recv, messages will be lost


###!!! [Child][MessageChannel::SendAndWait] Error: Channel error: cannot send/recv

1605984472166	geckodriver	INFO	Listening on 127.0.0.1:53201
1605984475181	mozrunner::runner	INFO	Running command: "C:\\Program Files\\Mozilla Firefox\\firefox.exe" "--marionette" "-foreground" "-no-remote" "-profile" "C:\\Users\\Matt\\AppData\\Local\\Temp\\rust_mozprofileO5dT3Y"
Can't find symbol 'eglSwapBuffersWithDamageEXT'.
Can't find symbol 'eglSetDamageRegionKHR'.
JavaScript error: resource://gre/modules/XULStore.jsm, line 66: Error: Can't find profile directory.
console.warn: SearchSettings: "get: No settings file exists, new profile?" (new Error("", "(unknown module)"))
1605984477694	Marionette	INFO	Listening on port 53212
1605984477815	Marionette	WARN	TLS certificate errors will be ignored for this session
1605984489460	Marionette	INFO	Stopped listening on port 53212

###!!! [Child][RunMessage] Error: Channel closing: too late to send/recv, messages will be lost


###!!! [Child][MessageChannel::SendAndWait] Error: Channel error: cannot send/recv

1605984516014	geckodriver	INFO	Listening on 127.0.0.1:53259
1605984519025	mozrunner::runner	INFO	Running command: "C:\\Program Files\\Mozilla Firefox\\firefox.exe" "--marionette" "-foreground" "-no-remote" "-profile" "C:\\Users\\Matt\\AppData\\Local\\Temp\\rust_mozprofilejfKR3z"
Can't find symbol 'eglSwapBuffersWithDamageEXT'.
Can't find symbol 'eglSetDamageRegionKHR'.
JavaScript error: resource://gre/modules/XULStore.jsm, line 66: Error: Can't find profile directory.
console.warn: SearchSettings: "get: No settings file exists, new profile?" (new Error("", "(unknown module)"))
1605984520876	Marionette	INFO	Listening on port 53267
1605984521084	Marionette	WARN	TLS certificate errors will be ignored for this session
JavaScript warning: https://login.apps.twc.state.tx.us/UBS/core/javascript/previous/jquery-1.10.2.min.js, line 2: Using //@ to indicate sourceMappingURL pragmas is deprecated. Use //# instead
Can't find symbol 'eglSwapBuffersWithDamageEXT'.
Can't find symbol 'eglSetDamageRegionKHR'.
JavaScript warning: https://apps.twc.state.tx.us/UBS/core/javascript/previous/jquery-1.10.2.min.js, line 2: Using //@ to indicate sourceMappingURL pragmas is deprecated. Use //# instead
JavaScript warning: https://apps.twc.state.tx.us/UBS/core/javascript/previous/jquery-1.10.2.min.js, line 2: Using //@ to indicate sourceMappingURL pragmas is deprecated. Use //# instead
1605984533869	Marionette	INFO	Stopped listening on port 53267

###!!! [Child][RunMessage] Error: Channel closing: too late to send/recv, messages will be lost


###!!! [Child][MessageChannel::SendAndWait] Error: Channel error: cannot send/recv

1605985174321	geckodriver	INFO	Listening on 127.0.0.1:53611
1605985177333	mozrunner::runner	INFO	Running command: "C:\\Program Files\\Mozilla Firefox\\firefox.exe" "--marionette" "-foreground" "-no-remote" "-profile" "C:\\Users\\Matt\\AppData\\Local\\Temp\\rust_mozprofileWhWCcM"
Can't find symbol 'eglSwapBuffersWithDamageEXT'.
Can't find symbol 'eglSetDamageRegionKHR'.
JavaScript error: resource://gre/modules/XULStore.jsm, line 66: Error: Can't find profile directory.
console.warn: SearchSettings: "get: No settings file exists, new profile?" (new Error("", "(unknown module)"))
1605985179783	Marionette	INFO	Listening on port 53619
1605985179973	Marionette	WARN	TLS certificate errors will be ignored for this session
1605985185297	Marionette	INFO	Stopped listening on port 53619

###!!! [Child][RunMessage] Error: Channel closing: too late to send/recv, messages will be lost


###!!! [Child][MessageChannel::SendAndWait] Error: Channel error: cannot send/recv

1605985236310	geckodriver	INFO	Listening on 127.0.0.1:53703
1605985239334	mozrunner::runner	INFO	Running command: "C:\\Program Files\\Mozilla Firefox\\firefox.exe" "--marionette" "-foreground" "-no-remote" "-profile" "C:\\Users\\Matt\\AppData\\Local\\Temp\\rust_mozprofile5AjkBQ"
Can't find symbol 'eglSwapBuffersWithDamageEXT'.
Can't find symbol 'eglSetDamageRegionKHR'.
JavaScript error: resource://gre/modules/XULStore.jsm, line 66: Error: Can't find profile directory.
console.warn: SearchSettings: "get: No settings file exists, new profile?" (new Error("", "(unknown module)"))
1605985241651	Marionette	INFO	Listening on port 53713
1605985241974	Marionette	WARN	TLS certificate errors will be ignored for this session
1605985249717	Marionette	INFO	Stopped listening on port 53713

###!!! [Child][RunMessage] Error: Channel closing: too late to send/recv, messages will be lost


###!!! [Child][MessageChannel::SendAndWait] Error: Channel error: cannot send/recv

1605985312276	geckodriver	INFO	Listening on 127.0.0.1:53764
1605985315290	mozrunner::runner	INFO	Running command: "C:\\Program Files\\Mozilla Firefox\\firefox.exe" "--marionette" "-foreground" "-no-remote" "-profile" "C:\\Users\\Matt\\AppData\\Local\\Temp\\rust_mozprofileIDw0wO"
Can't find symbol 'eglSwapBuffersWithDamageEXT'.
Can't find symbol 'eglSetDamageRegionKHR'.
JavaScript error: resource://gre/modules/XULStore.jsm, line 66: Error: Can't find profile directory.
console.warn: SearchSettings: "get: No settings file exists, new profile?" (new Error("", "(unknown module)"))
1605985317632	Marionette	INFO	Listening on port 53772
1605985317928	Marionette	WARN	TLS certificate errors will be ignored for this session
1605985320302	Marionette	INFO	Stopped listening on port 53772

###!!! [Child][RunMessage] Error: Channel closing: too late to send/recv, messages will be lost


###!!! [Child][MessageChannel::SendAndWait] Error: Channel error: cannot send/recv

1605985542916	geckodriver	INFO	Listening on 127.0.0.1:53926
1605985545930	mozrunner::runner	INFO	Running command: "C:\\Program Files\\Mozilla Firefox\\firefox.exe" "--marionette" "-foreground" "-no-remote" "-profile" "C:\\Users\\Matt\\AppData\\Local\\Temp\\rust_mozprofileauqhCM"
Can't find symbol 'eglSwapBuffersWithDamageEXT'.
Can't find symbol 'eglSetDamageRegionKHR'.
JavaScript error: resource://gre/modules/XULStore.jsm, line 66: Error: Can't find profile directory.
console.warn: SearchSettings: "get: No settings file exists, new profile?" (new Error("", "(unknown module)"))
1605985548385	Marionette	INFO	Listening on port 53959
1605985548565	Marionette	WARN	TLS certificate errors will be ignored for this session
1605985560993	Marionette	INFO	Stopped listening on port 53959

###!!! [Child][RunMessage] Error: Channel closing: too late to send/recv, messages will be lost


###!!! [Child][MessageChannel::SendAndWait] Error: Channel error: cannot send/recv

1605985563880	geckodriver	INFO	Listening on 127.0.0.1:54003
1605985566890	mozrunner::runner	INFO	Running command: "C:\\Program Files\\Mozilla Firefox\\firefox.exe" "--marionette" "-foreground" "-no-remote" "-profile" "C:\\Users\\Matt\\AppData\\Local\\Temp\\rust_mozprofileT8Tg2s"
Can't find symbol 'eglSwapBuffersWithDamageEXT'.
Can't find symbol 'eglSetDamageRegionKHR'.
JavaScript error: resource://gre/modules/XULStore.jsm, line 66: Error: Can't find profile directory.
console.warn: SearchSettings: "get: No settings file exists, new profile?" (new Error("", "(unknown module)"))
1605985569201	Marionette	INFO	Listening on port 54011
1605985569519	Marionette	WARN	TLS certificate errors will be ignored for this session
1605985574006	Marionette	INFO	Stopped listening on port 54011

###!!! [Child][RunMessage] Error: Channel closing: too late to send/recv, messages will be lost


###!!! [Child][MessageChannel::SendAndWait] Error: Channel error: cannot send/recv

